<?xml version="1.0" encoding="UTF-8"?>
<!-- Generated by org.testng.reporters.JUnitReportReporter -->
<testsuite skipped="0" hostname="suresh" name="RestAssuredAPItesting.RestAssuredAPItesting.Firstcase_GET_Resquest" tests="1" failures="0" timestamp="20 Jul 2019 11:11:42 GMT" time="4.813" errors="0">
  <testcase name="getweatherDetails" time="4.813" classname="RestAssuredAPItesting.RestAssuredAPItesting.Firstcase_GET_Resquest"/>
</testsuite> <!-- RestAssuredAPItesting.RestAssuredAPItesting.Firstcase_GET_Resquest -->
