<?xml version="1.0" encoding="UTF-8"?>
<!-- Generated by org.testng.reporters.JUnitReportReporter -->
<testsuite skipped="0" hostname="suresh" name="RestAssuredAPItesting.RestAssuredAPItesting.Third_GETHeaders" tests="1" failures="0" timestamp="21 Jul 2019 11:42:12 GMT" time="4.839" errors="0">
  <testcase name="getweatherDetails" time="4.839" classname="RestAssuredAPItesting.RestAssuredAPItesting.Third_GETHeaders"/>
</testsuite> <!-- RestAssuredAPItesting.RestAssuredAPItesting.Third_GETHeaders -->
