<?xml version="1.0" encoding="UTF-8"?>
<!-- Generated by org.testng.reporters.JUnitReportReporter -->
<testsuite skipped="0" hostname="suresh" name="RestAssuredAPItesting.RestAssuredAPItesting.Second_POST_method" tests="1" failures="0" timestamp="21 Jul 2019 07:07:24 GMT" time="5.965" errors="0">
  <testcase name="post_details" time="5.965" classname="RestAssuredAPItesting.RestAssuredAPItesting.Second_POST_method"/>
</testsuite> <!-- RestAssuredAPItesting.RestAssuredAPItesting.Second_POST_method -->
