<?xml version="1.0" encoding="UTF-8"?>
<testng-results skipped="0" failed="0" ignored="0" total="1" passed="1">
  <reporter-output>
  </reporter-output>
  <suite name="Default suite" duration-ms="4930" started-at="2019-07-21T11:42:07Z" finished-at="2019-07-21T11:42:11Z">
    <groups>
    </groups>
    <test name="Default test" duration-ms="4930" started-at="2019-07-21T11:42:07Z" finished-at="2019-07-21T11:42:11Z">
      <class name="RestAssuredAPItesting.RestAssuredAPItesting.Third_GETHeaders">
        <test-method status="PASS" signature="getweatherDetails()[pri:0, instance:RestAssuredAPItesting.RestAssuredAPItesting.Third_GETHeaders@c038203]" name="getweatherDetails" duration-ms="4839" started-at="2019-07-21T11:42:07Z" finished-at="2019-07-21T11:42:11Z">
          <reporter-output>
          </reporter-output>
        </test-method> <!-- getweatherDetails -->
      </class> <!-- RestAssuredAPItesting.RestAssuredAPItesting.Third_GETHeaders -->
    </test> <!-- Default test -->
  </suite> <!-- Default suite -->
</testng-results>
